number,value,datetime_start,datetime_complete,duration,params_max_depth,params_max_features,params_max_samples,params_min_samples_split,state
0,0.5946059957171016,2026-07-03 11:42:36.775371,2026-07-03 11:42:40.275932,0 days 00:00:03.500561,10,12,0.5742587879869248,29,COMPLETE
1,0.44787283940837164,2026-07-03 11:42:40.275985,2026-07-03 11:42:42.415450,0 days 00:00:02.139465,8,7,0.07294570352746528,21,COMPLETE
2,0.681524301508411,2026-07-03 11:42:42.415525,2026-07-03 11:42:45.965722,0 days 00:00:03.550197,47,9,0.5668589698373369,33,COMPLETE
3,0.6352583156225841,2026-07-03 11:42:45.965774,2026-07-03 11:42:50.809153,0 days 00:00:04.843379,10,22,0.6005862897227644,3,COMPLETE
4,0.4604903318240027,2026-07-03 11:42:50.809228,2026-07-03 11:42:53.295251,0 days 00:00:02.486023,38,2,0.2941797351622135,20,COMPLETE
5,0.5976202819023488,2026-07-03 11:42:53.295326,2026-07-03 11:42:57.081152,0 days 00:00:03.785826,10,11,0.800876328144489,29,COMPLETE
6,0.7666561612005,2026-07-03 11:42:57.081227,2026-07-03 11:43:04.073101,0 days 00:00:06.991874,42,21,0.9165672439254517,31,COMPLETE
7,0.7811487926898775,2026-07-03 11:43:04.073154,2026-07-03 11:43:09.504713,0 days 00:00:05.431559,27,16,0.6920573767428151,18,COMPLETE
8,0.4232308624261744,2026-07-03 11:43:09.504788,2026-07-03 11:43:12.026307,0 days 00:00:02.521519,28,1,0.43711077538565174,10,COMPLETE
9,0.7919570821446278,2026-07-03 11:43:12.026382,2026-07-03 11:43:17.521528,0 days 00:00:05.495146,39,15,0.7680166013753844,17,COMPLETE
10,0.4912494804282025,2026-07-03 11:43:17.521602,2026-07-03 11:43:19.723702,0 days 00:00:02.202100,24,16,0.027357272234255547,2,COMPLETE
11,0.796484376169525,2026-07-03 11:43:19.723778,2026-07-03 11:43:25.581515,0 days 00:00:05.857737,30,16,0.8029509005826064,17,COMPLETE
12,0.819963361415396,2026-07-03 11:43:25.581592,2026-07-03 11:43:32.277837,0 days 00:00:06.696245,35,17,0.9952215945269234,15,COMPLETE
13,0.8314575320016845,2026-07-03 11:43:32.277914,2026-07-03 11:43:39.369783,0 days 00:00:07.091869,32,19,0.9595435888985553,12,COMPLETE
14,0.8255514423534771,2026-07-03 11:43:39.369835,2026-07-03 11:43:46.471978,0 days 00:00:07.102143,19,19,0.9974284609876923,11,COMPLETE
15,0.8197526896857467,2026-07-03 11:43:46.472031,2026-07-03 11:43:53.303864,0 days 00:00:06.831833,18,19,0.9772594525352845,11,COMPLETE
16,0.8251730748622655,2026-07-03 11:43:53.303940,2026-07-03 11:44:00.149393,0 days 00:00:06.845453,19,19,0.8795381169987946,9,COMPLETE
17,0.8120068303154548,2026-07-03 11:44:00.149470,2026-07-03 11:44:05.474889,0 days 00:00:05.325419,18,13,0.8688798880455215,7,COMPLETE
18,0.7652651680091517,2026-07-03 11:44:05.474942,2026-07-03 11:44:11.412322,0 days 00:00:05.937380,49,19,0.7083243476880581,24,COMPLETE
19,0.8238406665999392,2026-07-03 11:44:11.412374,2026-07-03 11:44:18.997333,0 days 00:00:07.584959,23,22,0.9195917337060227,13,COMPLETE
20,0.8482950438151722,2026-07-03 11:44:18.997411,2026-07-03 11:44:26.808852,0 days 00:00:07.811441,33,19,0.9881677927211932,7,COMPLETE
21,0.8520659130524949,2026-07-03 11:44:26.808903,2026-07-03 11:44:34.692347,0 days 00:00:07.883444,33,19,0.9956262733878749,6,COMPLETE
22,0.8439707179984172,2026-07-03 11:44:34.692422,2026-07-03 11:44:42.474014,0 days 00:00:07.781592,33,20,0.8611609972134558,6,COMPLETE
23,0.8432357572777569,2026-07-03 11:44:42.474067,2026-07-03 11:44:50.523659,0 days 00:00:08.049592,36,21,0.8474128725416749,6,COMPLETE
24,0.8374107173143539,2026-07-03 11:44:50.523712,2026-07-03 11:44:57.295717,0 days 00:00:06.772005,44,18,0.7468183617926711,5,COMPLETE
25,0.8127817306217675,2026-07-03 11:44:57.295769,2026-07-03 11:45:02.779851,0 days 00:00:05.484082,33,14,0.6603527022193478,8,COMPLETE
26,0.8479714434548473,2026-07-03 11:45:02.779906,2026-07-03 11:45:11.020016,0 days 00:00:08.240110,40,21,0.865687949960081,5,COMPLETE
27,0.8509773436660286,2026-07-03 11:45:11.020091,2026-07-03 11:45:18.392961,0 days 00:00:07.372870,41,17,0.9134390968913638,4,COMPLETE
28,0.8551847689481189,2026-07-03 11:45:18.393013,2026-07-03 11:45:26.379986,0 days 00:00:07.986973,46,17,0.956455111502802,2,COMPLETE
29,0.8420751790087246,2026-07-03 11:45:26.380040,2026-07-03 11:45:32.374497,0 days 00:00:05.994457,46,11,0.9286435273632785,2,COMPLETE
30,0.837118766228412,2026-07-03 11:45:32.374547,2026-07-03 11:45:38.455483,0 days 00:00:06.080936,50,13,0.8195370978216312,4,COMPLETE
31,0.8411876038834596,2026-07-03 11:45:38.455559,2026-07-03 11:45:45.477125,0 days 00:00:07.021566,42,17,0.9309666031240409,8,COMPLETE
32,0.8546430543690707,2026-07-03 11:45:45.477202,2026-07-03 11:45:53.156423,0 days 00:00:07.679221,37,17,0.9873620150674193,4,COMPLETE
33,0.8542675684674992,2026-07-03 11:45:53.156475,2026-07-03 11:46:01.030380,0 days 00:00:07.873905,45,17,0.9052687556750599,2,COMPLETE
34,0.6951040373913487,2026-07-03 11:46:01.030430,2026-07-03 11:46:04.468305,0 days 00:00:03.437875,45,15,0.1841181878064001,2,COMPLETE
35,0.8397639093578938,2026-07-03 11:46:04.468358,2026-07-03 11:46:10.742472,0 days 00:00:06.274114,37,15,0.78272351415212,4,COMPLETE
36,0.8194567534578109,2026-07-03 11:46:10.742525,2026-07-03 11:46:15.785254,0 days 00:00:05.042729,48,8,0.8973180789237152,2,COMPLETE
37,0.6761747713770312,2026-07-03 11:46:15.785331,2026-07-03 11:46:18.933200,0 days 00:00:03.147869,44,4,0.5149035018157364,4,COMPLETE
38,0.8278030640009388,2026-07-03 11:46:18.933253,2026-07-03 11:46:24.458374,0 days 00:00:05.525121,43,12,0.9442261414023491,9,COMPLETE
39,0.7884002838513524,2026-07-03 11:46:24.458463,2026-07-03 11:46:30.097105,0 days 00:00:05.638642,47,17,0.617952567133338,14,COMPLETE
40,0.8088215677362267,2026-07-03 11:46:30.097157,2026-07-03 11:46:34.735549,0 days 00:00:04.638392,39,10,0.7291446324960913,6,COMPLETE
41,0.851815762751434,2026-07-03 11:46:34.735602,2026-07-03 11:46:42.038125,0 days 00:00:07.302523,41,17,0.9130825591401746,4,COMPLETE
42,0.8481167307261492,2026-07-03 11:46:42.038199,2026-07-03 11:46:49.588943,0 days 00:00:07.550744,37,18,0.8295874602862945,3,COMPLETE
43,0.8467391811799037,2026-07-03 11:46:49.589008,2026-07-03 11:46:55.920291,0 days 00:00:06.331283,41,14,0.9531994633820227,5,COMPLETE
44,0.750837628659987,2026-07-03 11:46:55.920368,2026-07-03 11:47:02.007342,0 days 00:00:06.086974,35,18,0.8874426836186174,35,COMPLETE
45,0.8425014453401136,2026-07-03 11:47:02.007394,2026-07-03 11:47:09.006684,0 days 00:00:06.999290,28,16,0.792043341144336,3,COMPLETE
46,0.7567623245920275,2026-07-03 11:47:09.006759,2026-07-03 11:47:13.290223,0 days 00:00:04.283464,46,15,0.34573919692239585,7,COMPLETE
47,0.8404874775372255,2026-07-03 11:47:13.290274,2026-07-03 11:47:21.000256,0 days 00:00:07.709982,30,20,0.9921714821669616,10,COMPLETE
48,0.4150836112418731,2026-07-03 11:47:21.000308,2026-07-03 11:47:24.641135,0 days 00:00:03.640827,5,17,0.9450474296004067,2,COMPLETE
49,0.8478324068655004,2026-07-03 11:47:24.641188,2026-07-03 11:47:32.574109,0 days 00:00:07.932921,38,20,0.9997360354719693,8,COMPLETE
50,0.6658258248153215,2026-07-03 11:47:32.574161,2026-07-03 11:47:35.960082,0 days 00:00:03.385921,43,5,0.8327846905723174,26,COMPLETE
51,0.8494403318996804,2026-07-03 11:47:35.960158,2026-07-03 11:47:43.410734,0 days 00:00:07.450576,41,18,0.9031252324775465,5,COMPLETE
52,0.8503650692246753,2026-07-03 11:47:43.410785,2026-07-03 11:47:50.913974,0 days 00:00:07.503189,40,17,0.9072361377398138,4,COMPLETE
53,0.8537525201857038,2026-07-03 11:47:50.914027,2026-07-03 11:47:58.307346,0 days 00:00:07.393319,35,16,0.9558952716075138,3,COMPLETE
54,0.8540680035871173,2026-07-03 11:47:58.307400,2026-07-03 11:48:05.759877,0 days 00:00:07.452477,35,16,0.954386331890776,3,COMPLETE
55,0.851648986061784,2026-07-03 11:48:05.759955,2026-07-03 11:48:12.916418,0 days 00:00:07.156463,31,14,0.9621579015567135,2,COMPLETE
56,0.844393120480172,2026-07-03 11:48:12.916469,2026-07-03 11:48:19.619754,0 days 00:00:06.703285,26,16,0.9602371428048846,7,COMPLETE
57,0.8467959482486433,2026-07-03 11:48:19.619830,2026-07-03 11:48:26.516221,0 days 00:00:06.896391,36,15,0.8596532166775168,3,COMPLETE
58,0.8507646752935945,2026-07-03 11:48:26.516297,2026-07-03 11:48:35.291554,0 days 00:00:08.775257,34,22,0.9710689025320804,6,COMPLETE
59,0.826320930504026,2026-07-03 11:48:35.291607,2026-07-03 11:48:40.838117,0 days 00:00:05.546510,29,13,0.8712040935559111,9,COMPLETE
60,0.7426938148015026,2026-07-03 11:48:40.838195,2026-07-03 11:48:46.024625,0 days 00:00:05.186430,13,16,0.8177213772671571,3,COMPLETE
61,0.8515925178820302,2026-07-03 11:48:46.024677,2026-07-03 11:48:53.534341,0 days 00:00:07.509664,38,18,0.9347025720908552,5,COMPLETE
62,0.8526742039651379,2026-07-03 11:48:53.534394,2026-07-03 11:49:01.718512,0 days 00:00:08.184118,35,20,0.8935811854606557,3,COMPLETE
63,0.8582402778099123,2026-07-03 11:49:01.718566,2026-07-03 11:49:10.448777,0 days 00:00:08.730211,32,20,0.998370137990351,3,COMPLETE
64,0.8432109207092642,2026-07-03 11:49:10.448828,2026-07-03 11:49:18.123297,0 days 00:00:07.674469,31,20,0.7575959464020361,3,COMPLETE
65,0.8569762157087716,2026-07-03 11:49:18.123352,2026-07-03 11:49:27.543508,0 days 00:00:09.420156,36,21,0.9662851779877085,2,COMPLETE
66,0.8569877598671916,2026-07-03 11:49:27.543560,2026-07-03 11:49:36.900289,0 days 00:00:09.356729,25,21,0.9780471215385574,2,COMPLETE
67,0.8168453578470019,2026-07-03 11:49:36.900339,2026-07-03 11:49:44.369836,0 days 00:00:07.469497,16,21,0.9654018234228194,2,COMPLETE
68,0.8506719486751866,2026-07-03 11:49:44.369912,2026-07-03 11:49:52.867564,0 days 00:00:08.497652,22,22,0.9968355997332556,5,COMPLETE
69,0.8543711886226077,2026-07-03 11:49:52.867616,2026-07-03 11:50:01.896469,0 days 00:00:09.028853,26,21,0.9302002153398365,2,COMPLETE
70,0.8519847216739868,2026-07-03 11:50:01.896520,2026-07-03 11:50:10.825424,0 days 00:00:08.928904,26,21,0.8833698976232514,2,COMPLETE
71,0.8464265819129795,2026-07-03 11:50:10.825477,2026-07-03 11:50:19.203078,0 days 00:00:08.377601,21,22,0.9289963541481732,4,COMPLETE
72,0.8417381244147221,2026-07-03 11:50:19.203155,2026-07-03 11:50:26.614494,0 days 00:00:07.411339,24,19,0.8482321451625283,6,COMPLETE
73,0.8564956304479067,2026-07-03 11:50:26.614571,2026-07-03 11:50:36.002982,0 days 00:00:09.388411,25,21,0.9747054735260471,2,COMPLETE
74,0.8570475269746713,2026-07-03 11:50:36.003035,2026-07-03 11:50:45.214570,0 days 00:00:09.211535,26,21,0.9750455632381192,2,COMPLETE
75,0.8547007365250471,2026-07-03 11:50:45.214628,2026-07-03 11:50:53.856368,0 days 00:00:08.641740,25,21,0.9780851637015476,4,COMPLETE
76,0.8472421590498966,2026-07-03 11:50:53.856419,2026-07-03 11:51:01.622372,0 days 00:00:07.765953,24,20,0.9791531308472086,7,COMPLETE
77,0.846980379617467,2026-07-03 11:51:01.622424,2026-07-03 11:51:09.992942,0 days 00:00:08.370518,20,22,0.9755152554295521,4,COMPLETE
78,0.8505940950127148,2026-07-03 11:51:09.992994,2026-07-03 11:51:18.266496,0 days 00:00:08.273502,27,21,0.9362904458286502,5,COMPLETE
79,0.8046181659835192,2026-07-03 11:51:18.266573,2026-07-03 11:51:25.201516,0 days 00:00:06.934943,23,19,0.9982810438928331,20,COMPLETE
80,0.8494423470126357,2026-07-03 11:51:25.201569,2026-07-03 11:51:33.457169,0 days 00:00:08.255600,25,21,0.8813801056640154,4,COMPLETE
81,0.8545282637500675,2026-07-03 11:51:33.457243,2026-07-03 11:51:42.797709,0 days 00:00:09.340466,28,21,0.9225802025930014,2,COMPLETE
82,0.8543043642897701,2026-07-03 11:51:42.797785,2026-07-03 11:51:52.103789,0 days 00:00:09.306004,28,22,0.9181996278399321,2,COMPLETE
83,0.8512298781806169,2026-07-03 11:51:52.103841,2026-07-03 11:52:00.272844,0 days 00:00:08.169003,29,20,0.9689585867312529,6,COMPLETE
84,0.8556343472077728,2026-07-03 11:52:00.272896,2026-07-03 11:52:08.639314,0 days 00:00:08.366418,32,19,0.9431247682441728,3,COMPLETE
85,0.8531801674790648,2026-07-03 11:52:08.639366,2026-07-03 11:52:16.796039,0 days 00:00:08.156673,31,19,0.9798859016159539,5,COMPLETE
86,0.8560988903936446,2026-07-03 11:52:16.796093,2026-07-03 11:52:25.416738,0 days 00:00:08.620645,32,20,0.945368138505916,3,COMPLETE
87,0.8503391304202277,2026-07-03 11:52:25.416812,2026-07-03 11:52:33.509516,0 days 00:00:08.092704,32,20,0.8517651420546211,3,COMPLETE
88,0.6720068397176309,2026-07-03 11:52:33.509568,2026-07-03 11:52:36.889942,0 days 00:00:03.380374,23,22,0.1494739786833451,4,COMPLETE
89,0.8557622863696428,2026-07-03 11:52:36.889991,2026-07-03 11:52:45.157508,0 days 00:00:08.267517,30,19,0.9509280100606192,3,COMPLETE
90,0.8475624471048542,2026-07-03 11:52:45.157584,2026-07-03 11:52:52.509378,0 days 00:00:07.351794,30,18,0.9064954548448254,6,COMPLETE
91,0.8555889898504297,2026-07-03 11:52:52.509432,2026-07-03 11:53:01.205403,0 days 00:00:08.695971,32,20,0.9450099357300583,3,COMPLETE
92,0.854810521029345,2026-07-03 11:53:01.205455,2026-07-03 11:53:09.870724,0 days 00:00:08.665269,32,20,0.9431276445576079,3,COMPLETE
93,0.8567268724248903,2026-07-03 11:53:09.870778,2026-07-03 11:53:18.503682,0 days 00:00:08.632904,33,19,0.9418504852375478,2,COMPLETE
94,0.85552991747822,2026-07-03 11:53:18.503734,2026-07-03 11:53:27.012139,0 days 00:00:08.508405,33,19,0.9476953983338525,3,COMPLETE
95,0.8534257347863468,2026-07-03 11:53:27.012191,2026-07-03 11:53:35.380384,0 days 00:00:08.368193,29,19,0.8925223615501524,2,COMPLETE
96,0.8503680335613734,2026-07-03 11:53:35.380436,2026-07-03 11:53:43.335917,0 days 00:00:07.955481,34,20,0.9176205931851805,5,COMPLETE
97,0.7630476803311607,2026-07-03 11:53:43.335969,2026-07-03 11:53:49.449710,0 days 00:00:06.113741,32,18,0.8704142660568366,30,COMPLETE
98,0.8555504183366096,2026-07-03 11:53:49.449763,2026-07-03 11:53:57.734781,0 days 00:00:08.285018,30,19,0.9479581035558955,3,COMPLETE
99,0.8452609365930398,2026-07-03 11:53:57.734857,2026-07-03 11:54:05.915829,0 days 00:00:08.180972,33,21,0.8350711133633814,5,COMPLETE
