number,value,datetime_start,datetime_complete,duration,params_max_depth,params_max_features,params_max_samples,params_min_samples_split,state
0,0.33014776732642054,2026-07-03 11:54:06.139728,2026-07-03 11:54:08.710057,0 days 00:00:02.570329,13,1,0.679385231763067,12,COMPLETE
1,0.32557862129305,2026-07-03 11:54:08.710127,2026-07-03 11:54:10.696747,0 days 00:00:01.986620,31,2,0.03377467197932083,26,COMPLETE
2,0.37042246764768416,2026-07-03 11:54:10.696823,2026-07-03 11:54:16.321821,0 days 00:00:05.624998,41,16,0.8946270984544026,29,COMPLETE
3,0.37913529423045556,2026-07-03 11:54:16.321872,2026-07-03 11:54:22.357875,0 days 00:00:06.036003,46,14,0.8978914669996185,7,COMPLETE
4,0.39314579732172383,2026-07-03 11:54:22.357951,2026-07-03 11:54:24.964016,0 days 00:00:02.606065,25,1,0.9306224354750354,20,COMPLETE
5,0.38246906947260406,2026-07-03 11:54:24.964068,2026-07-03 11:54:30.384276,0 days 00:00:05.420208,22,13,0.7945509253250911,6,COMPLETE
6,0.3847983460965607,2026-07-03 11:54:30.384329,2026-07-03 11:54:33.781222,0 days 00:00:03.396893,16,15,0.28629757545099455,27,COMPLETE
7,0.40361747679979426,2026-07-03 11:54:33.781298,2026-07-03 11:54:38.481147,0 days 00:00:04.699849,28,9,0.7702392114068651,4,COMPLETE
8,0.39801735518327397,2026-07-03 11:54:38.481223,2026-07-03 11:54:42.172909,0 days 00:00:03.691686,35,11,0.42274570190584354,13,COMPLETE
9,0.3051723811465435,2026-07-03 11:54:42.172983,2026-07-03 11:54:44.158005,0 days 00:00:01.985022,33,1,0.04489627955975621,19,COMPLETE
10,0.3163009447989005,2026-07-03 11:54:44.158055,2026-07-03 11:54:47.592468,0 days 00:00:03.434413,5,21,0.5485112252442382,2,COMPLETE
11,0.4078384226493298,2026-07-03 11:54:47.592521,2026-07-03 11:54:51.144961,0 days 00:00:03.552440,36,9,0.45454221069170675,13,COMPLETE
12,0.4185002337152227,2026-07-03 11:54:51.145036,2026-07-03 11:54:54.113845,0 days 00:00:02.968809,39,6,0.3253889667932295,12,COMPLETE
13,0.4172734530318135,2026-07-03 11:54:54.113923,2026-07-03 11:54:56.830885,0 days 00:00:02.716962,50,6,0.25176478500029087,13,COMPLETE
14,0.40935442821007034,2026-07-03 11:54:56.830961,2026-07-03 11:54:59.360929,0 days 00:00:02.529968,50,5,0.2041400082027755,19,COMPLETE
15,0.4149121871495639,2026-07-03 11:54:59.361005,2026-07-03 11:55:02.087998,0 days 00:00:02.726993,42,6,0.2533091672957773,9,COMPLETE
16,0.4124468064706604,2026-07-03 11:55:02.088050,2026-07-03 11:55:04.897240,0 days 00:00:02.809190,50,5,0.38473913417459393,33,COMPLETE
17,0.4037848132290245,2026-07-03 11:55:04.897294,2026-07-03 11:55:07.220160,0 days 00:00:02.322866,41,7,0.13900779857466175,16,COMPLETE
18,0.4189703519686553,2026-07-03 11:55:07.220236,2026-07-03 11:55:10.238141,0 days 00:00:03.017905,45,4,0.5884917350650054,22,COMPLETE
19,0.4154535490714529,2026-07-03 11:55:10.238218,2026-07-03 11:55:13.114878,0 days 00:00:02.876660,38,3,0.5887248218839741,23,COMPLETE
20,0.4025059595844743,2026-07-03 11:55:13.114954,2026-07-03 11:55:16.618275,0 days 00:00:03.503321,45,9,0.5297951477997662,34,COMPLETE
21,0.42303289173401487,2026-07-03 11:55:16.618349,2026-07-03 11:55:19.430377,0 days 00:00:02.812028,46,4,0.3706241260514785,10,COMPLETE
22,0.4202585339721082,2026-07-03 11:55:19.430428,2026-07-03 11:55:22.218048,0 days 00:00:02.787620,45,4,0.36022025126417156,9,COMPLETE
23,0.42468140403349197,2026-07-03 11:55:22.218123,2026-07-03 11:55:25.342676,0 days 00:00:03.124553,46,4,0.6194285442091755,9,COMPLETE
24,0.4259458314452164,2026-07-03 11:55:25.342729,2026-07-03 11:55:28.207066,0 days 00:00:02.864337,45,3,0.49093716289889966,8,COMPLETE
25,0.4263067717608625,2026-07-03 11:55:28.207144,2026-07-03 11:55:31.163572,0 days 00:00:02.956428,47,3,0.6736110744408209,9,COMPLETE
26,0.4049452249453284,2026-07-03 11:55:31.163648,2026-07-03 11:55:35.267408,0 days 00:00:04.103760,42,8,0.6705313383621745,6,COMPLETE
27,0.4273472127297112,2026-07-03 11:55:35.267483,2026-07-03 11:55:38.578577,0 days 00:00:03.311094,48,3,0.7475915780181869,2,COMPLETE
28,0.4242334371383773,2026-07-03 11:55:38.578630,2026-07-03 11:55:41.693709,0 days 00:00:03.115079,48,2,0.8115982274569885,2,COMPLETE
29,0.42427652746773664,2026-07-03 11:55:41.693787,2026-07-03 11:55:44.667335,0 days 00:00:02.973548,38,2,0.7277660355983696,4,COMPLETE
30,0.3589147612451072,2026-07-03 11:55:44.667389,2026-07-03 11:55:50.248378,0 days 00:00:05.580989,43,22,0.5024241947558512,16,COMPLETE
31,0.42528373384325,2026-07-03 11:55:50.248454,2026-07-03 11:55:53.253331,0 days 00:00:03.004877,48,3,0.6555466750412439,8,COMPLETE
32,0.42807726266714774,2026-07-03 11:55:53.253383,2026-07-03 11:55:56.476677,0 days 00:00:03.223294,47,3,0.6794534862962242,4,COMPLETE
33,0.41309953870179383,2026-07-03 11:55:56.476754,2026-07-03 11:55:59.324659,0 days 00:00:02.847905,48,1,0.7180781964163686,5,COMPLETE
34,0.43240248900750017,2026-07-03 11:55:59.324710,2026-07-03 11:56:02.864699,0 days 00:00:03.539989,40,3,0.9705474591587601,2,COMPLETE
35,0.42718380854693266,2026-07-03 11:56:02.864774,2026-07-03 11:56:06.085995,0 days 00:00:03.221221,40,2,0.9910686606285523,2,COMPLETE
36,0.4171939088396964,2026-07-03 11:56:06.086068,2026-07-03 11:56:09.108214,0 days 00:00:03.022146,31,1,0.9871457661030526,2,COMPLETE
37,0.3554967124702799,2026-07-03 11:56:09.108290,2026-07-03 11:56:16.882611,0 days 00:00:07.774321,36,19,0.8849095098893813,4,COMPLETE
38,0.4240053834348087,2026-07-03 11:56:16.882688,2026-07-03 11:56:19.933088,0 days 00:00:03.050400,40,2,0.8507056249694965,3,COMPLETE
39,0.41421996616364287,2026-07-03 11:56:19.933163,2026-07-03 11:56:24.253392,0 days 00:00:04.320229,26,7,0.9533041982089894,5,COMPLETE
40,0.4230287113927075,2026-07-03 11:56:24.253468,2026-07-03 11:56:27.811665,0 days 00:00:03.558197,35,5,0.8396160905884685,7,COMPLETE
41,0.42993786856214944,2026-07-03 11:56:27.811743,2026-07-03 11:56:30.925061,0 days 00:00:03.113318,43,3,0.7592694474138251,6,COMPLETE
42,0.42293381512594247,2026-07-03 11:56:30.925138,2026-07-03 11:56:33.862235,0 days 00:00:02.937097,43,2,0.7457185922273505,6,COMPLETE
43,0.42551944338172765,2026-07-03 11:56:33.862288,2026-07-03 11:56:38.021831,0 days 00:00:04.159543,32,5,0.946502946154663,2,COMPLETE
44,0.4176123998876256,2026-07-03 11:56:38.021908,2026-07-03 11:56:40.913873,0 days 00:00:02.891965,38,1,0.9925859440957906,4,COMPLETE
45,0.4260491977518847,2026-07-03 11:56:40.913949,2026-07-03 11:56:44.011197,0 days 00:00:03.097248,43,3,0.9090029542763982,11,COMPLETE
46,0.39304518723584286,2026-07-03 11:56:44.011274,2026-07-03 11:56:49.017157,0 days 00:00:05.005883,40,11,0.7699465495448152,6,COMPLETE
47,0.4164036397077556,2026-07-03 11:56:49.017237,2026-07-03 11:56:53.189135,0 days 00:00:04.171898,18,7,0.8831423534220957,3,COMPLETE
48,0.42905136924889486,2026-07-03 11:56:53.189214,2026-07-03 11:56:56.529171,0 days 00:00:03.339957,34,4,0.8120453210183991,7,COMPLETE
49,0.41951483638185455,2026-07-03 11:56:56.529222,2026-07-03 11:57:00.316675,0 days 00:00:03.787453,30,6,0.7986254075585305,7,COMPLETE
50,0.36585181403443434,2026-07-03 11:57:00.316729,2026-07-03 11:57:03.190975,0 days 00:00:02.874246,8,5,0.8443800695683221,5,COMPLETE
51,0.4270350217205191,2026-07-03 11:57:03.191027,2026-07-03 11:57:06.612577,0 days 00:00:03.421550,37,4,0.7196373409779814,3,COMPLETE
52,0.4177797621919077,2026-07-03 11:57:06.612630,2026-07-03 11:57:09.529277,0 days 00:00:02.916647,34,1,0.7715981297306611,2,COMPLETE
53,0.42200129566097466,2026-07-03 11:57:09.529354,2026-07-03 11:57:12.370942,0 days 00:00:02.841588,41,2,0.6241719330628908,5,COMPLETE
54,0.43153217540307054,2026-07-03 11:57:12.370990,2026-07-03 11:57:15.580283,0 days 00:00:03.209293,50,3,0.9367720362804769,7,COMPLETE
55,0.4249267592488394,2026-07-03 11:57:15.580358,2026-07-03 11:57:18.919052,0 days 00:00:03.338694,50,4,0.9173022411323223,12,COMPLETE
56,0.42258701223831696,2026-07-03 11:57:18.919105,2026-07-03 11:57:22.532300,0 days 00:00:03.613195,48,6,0.8210801338709461,15,COMPLETE
57,0.4280838968342125,2026-07-03 11:57:22.532376,2026-07-03 11:57:25.671383,0 days 00:00:03.139007,44,3,0.8609240604219438,7,COMPLETE
58,0.42337941654321537,2026-07-03 11:57:25.671434,2026-07-03 11:57:29.164475,0 days 00:00:03.493041,44,5,0.8742694296056774,11,COMPLETE
59,0.3646637257077981,2026-07-03 11:57:29.164552,2026-07-03 11:57:36.199606,0 days 00:00:07.035054,27,17,0.9452609409901932,7,COMPLETE
60,0.4061015027712368,2026-07-03 11:57:36.199659,2026-07-03 11:57:40.269758,0 days 00:00:04.070099,29,8,0.7057784768287991,10,COMPLETE
61,0.429315809133133,2026-07-03 11:57:40.269812,2026-07-03 11:57:43.356879,0 days 00:00:03.087067,47,3,0.7680160314913718,8,COMPLETE
62,0.4274039952671876,2026-07-03 11:57:43.356956,2026-07-03 11:57:46.444484,0 days 00:00:03.087528,24,3,0.7766826943756564,8,COMPLETE
63,0.4262493756880299,2026-07-03 11:57:46.444560,2026-07-03 11:57:49.830192,0 days 00:00:03.385632,47,4,0.8642497659842111,7,COMPLETE
64,0.4262878599221824,2026-07-03 11:57:49.830266,2026-07-03 11:57:52.981794,0 days 00:00:03.151528,44,3,0.8117647975106141,10,COMPLETE
65,0.4252944980411394,2026-07-03 11:57:52.981871,2026-07-03 11:57:56.279388,0 days 00:00:03.297517,46,4,0.9433823753638352,14,COMPLETE
66,0.40624696087725043,2026-07-03 11:57:56.279466,2026-07-03 11:57:59.040375,0 days 00:00:02.760909,50,1,0.6883168016347012,8,COMPLETE
67,0.4051965348066379,2026-07-03 11:57:59.040450,2026-07-03 11:58:01.940885,0 days 00:00:02.900435,44,2,0.8976055669240218,31,COMPLETE
68,0.4202629333279574,2026-07-03 11:58:01.940961,2026-07-03 11:58:05.513514,0 days 00:00:03.572553,42,6,0.6338745869087603,6,COMPLETE
69,0.4283903319898614,2026-07-03 11:58:05.513565,2026-07-03 11:58:08.948985,0 days 00:00:03.435420,49,4,0.8292258710100858,4,COMPLETE
70,0.42650517366034857,2026-07-03 11:58:08.949039,2026-07-03 11:58:12.300740,0 days 00:00:03.351701,49,4,0.8304571433248522,9,COMPLETE
71,0.4298394369773025,2026-07-03 11:58:12.300817,2026-07-03 11:58:15.546482,0 days 00:00:03.245665,46,3,0.7579643642577377,4,COMPLETE
72,0.4267402053876984,2026-07-03 11:58:15.546560,2026-07-03 11:58:19.029745,0 days 00:00:03.483185,46,4,0.7881917841740127,6,COMPLETE
73,0.4241369719620046,2026-07-03 11:58:19.029821,2026-07-03 11:58:21.994583,0 days 00:00:02.964762,49,2,0.9715234172248525,5,COMPLETE
74,0.4208617302993881,2026-07-03 11:58:21.994661,2026-07-03 11:58:25.634709,0 days 00:00:03.640048,45,5,0.7520113939703031,4,COMPLETE
75,0.4306575618347579,2026-07-03 11:58:25.634784,2026-07-03 11:58:28.996292,0 days 00:00:03.361508,39,3,0.9169276614071913,3,COMPLETE
76,0.42472264618923283,2026-07-03 11:58:28.996367,2026-07-03 11:58:32.094528,0 days 00:00:03.098161,39,2,0.909120303989827,3,COMPLETE
77,0.42074909529540766,2026-07-03 11:58:32.094604,2026-07-03 11:58:36.170299,0 days 00:00:04.075695,33,6,0.9301403101317516,4,COMPLETE
78,0.42871974834735693,2026-07-03 11:58:36.170375,2026-07-03 11:58:39.436139,0 days 00:00:03.265764,36,3,0.8062904064404914,3,COMPLETE
79,0.42941602898064435,2026-07-03 11:58:39.436191,2026-07-03 11:58:42.534390,0 days 00:00:03.098199,37,3,0.7370997055079556,3,COMPLETE
80,0.40868612965555745,2026-07-03 11:58:42.534453,2026-07-03 11:58:45.164946,0 days 00:00:02.630493,41,1,0.749503280820365,8,COMPLETE
81,0.42718221581045757,2026-07-03 11:58:45.165023,2026-07-03 11:58:48.275822,0 days 00:00:03.110799,36,3,0.6972339211055397,3,COMPLETE
82,0.4297216940765097,2026-07-03 11:58:48.275906,2026-07-03 11:58:51.450483,0 days 00:00:03.174577,37,3,0.9711501460714195,5,COMPLETE
83,0.4250188499420145,2026-07-03 11:58:51.450560,2026-07-03 11:58:54.520541,0 days 00:00:03.069981,34,2,0.9942787296256916,6,COMPLETE
84,0.4260530790160568,2026-07-03 11:58:54.520617,2026-07-03 11:58:58.057647,0 days 00:00:03.537030,38,4,0.9568621060783952,5,COMPLETE
85,0.42350783908088596,2026-07-03 11:58:58.057701,2026-07-03 11:59:01.678153,0 days 00:00:03.620452,39,5,0.8921245836371939,5,COMPLETE
86,0.4218096910463636,2026-07-03 11:59:01.678231,2026-07-03 11:59:04.698706,0 days 00:00:03.020475,37,2,0.9635325496070962,9,COMPLETE
87,0.42892123916218583,2026-07-03 11:59:04.698782,2026-07-03 11:59:07.811036,0 days 00:00:03.112254,42,3,0.6521112243212557,2,COMPLETE
88,0.40799951843044624,2026-07-03 11:59:07.811111,2026-07-03 11:59:10.506262,0 days 00:00:02.695151,34,1,0.5961421327722112,6,COMPLETE
89,0.4201810676502772,2026-07-03 11:59:10.506337,2026-07-03 11:59:13.634172,0 days 00:00:03.127835,40,3,0.9245465213095061,25,COMPLETE
90,0.3686857089396408,2026-07-03 11:59:13.634254,2026-07-03 11:59:15.633233,0 days 00:00:01.998979,37,5,0.023239864255078513,7,COMPLETE
91,0.42852463209964425,2026-07-03 11:59:15.633308,2026-07-03 11:59:18.885385,0 days 00:00:03.252077,41,3,0.6516502454387334,2,COMPLETE
92,0.42676009961472217,2026-07-03 11:59:18.885461,2026-07-03 11:59:22.371154,0 days 00:00:03.485693,42,4,0.7297507904464695,3,COMPLETE
93,0.42337519785701583,2026-07-03 11:59:22.371230,2026-07-03 11:59:25.446648,0 days 00:00:03.075418,39,2,0.6585839949623158,2,COMPLETE
94,0.42694628857921335,2026-07-03 11:59:25.446724,2026-07-03 11:59:28.445629,0 days 00:00:02.998905,43,3,0.5490107769124518,4,COMPLETE
95,0.4274386312099042,2026-07-03 11:59:28.445706,2026-07-03 11:59:31.995811,0 days 00:00:03.550105,47,4,0.9727105536876387,5,COMPLETE
96,0.4140952017382524,2026-07-03 11:59:31.995865,2026-07-03 11:59:34.887209,0 days 00:00:02.891344,35,1,0.7606056755093124,3,COMPLETE
97,0.42861841286263047,2026-07-03 11:59:34.887286,2026-07-03 11:59:38.011867,0 days 00:00:03.124581,45,3,0.7328853382393679,8,COMPLETE
98,0.4239729109316583,2026-07-03 11:59:38.011919,2026-07-03 11:59:41.042317,0 days 00:00:03.030398,38,2,0.852754065198543,6,COMPLETE
99,0.4256147123220191,2026-07-03 11:59:41.042393,2026-07-03 11:59:44.488881,0 days 00:00:03.446488,32,4,0.7071117527341688,4,COMPLETE
